{
  "stats": {
    "suites": 1,
    "tests": 6,
    "passes": 6,
    "pending": 0,
    "failures": 0,
    "start": "2018-04-13T13:49:43.038Z",
    "end": "2018-04-13T13:49:43.169Z",
    "duration": 131,
    "testsRegistered": 6,
    "passPercent": 100,
    "pendingPercent": 0,
    "other": 0,
    "hasOther": false,
    "skipped": 0,
    "hasSkipped": false,
    "passPercentClass": "success",
    "pendingPercentClass": "danger"
  },
  "suites": {
    "uuid": "3366589a-1151-466d-902b-711854bc74d5",
    "title": "",
    "fullFile": "",
    "file": "",
    "beforeHooks": [],
    "afterHooks": [],
    "tests": [],
    "suites": [
      {
        "uuid": "3d76c076-0c7c-4681-ad90-3000810c3cfb",
        "title": "Test",
        "fullFile": "/home/aman/Desktop/votechain-node/tests/index.js",
        "file": "/tests/index.js",
        "beforeHooks": [],
        "afterHooks": [],
        "tests": [
          {
            "title": "GET /",
            "fullTitle": "Test GET /",
            "timedOut": false,
            "duration": 45,
            "state": "passed",
            "speed": "medium",
            "pass": true,
            "fail": false,
            "pending": false,
            "code": "_chai2.default.request(server).get('/').end(function (err, res) {\n\tres.should.have.status(200);\n\tdone();\n});",
            "err": {},
            "isRoot": false,
            "uuid": "d6d8a8ba-f101-4336-b750-1a1061dfff14",
            "isHook": false,
            "skipped": false
          },
          {
            "title": "GET /vote",
            "fullTitle": "Test GET /vote",
            "timedOut": false,
            "duration": 9,
            "state": "passed",
            "speed": "fast",
            "pass": true,
            "fail": false,
            "pending": false,
            "code": "_chai2.default.request(server).get('/vote').end(function (err, res) {\n\tres.should.have.status(200);\n\tdone();\n});",
            "err": {},
            "isRoot": false,
            "uuid": "9ec8784b-1de6-4694-9494-8186f9bc5b20",
            "isHook": false,
            "skipped": false
          },
          {
            "title": "GET /register",
            "fullTitle": "Test GET /register",
            "timedOut": false,
            "duration": 5,
            "state": "passed",
            "speed": "fast",
            "pass": true,
            "fail": false,
            "pending": false,
            "code": "_chai2.default.request(server).get('/register').end(function (err, res) {\n\tres.should.have.status(200);\n\tdone();\n});",
            "err": {},
            "isRoot": false,
            "uuid": "00e3ec02-6890-4296-9920-0b88eb2fb432",
            "isHook": false,
            "skipped": false
          },
          {
            "title": "GET /admin",
            "fullTitle": "Test GET /admin",
            "timedOut": false,
            "duration": 12,
            "state": "passed",
            "speed": "fast",
            "pass": true,
            "fail": false,
            "pending": false,
            "code": "_chai2.default.request(server).get('/admin').end(function (err, res) {\n\tres.should.have.status(200);\n\tdone();\n});",
            "err": {},
            "isRoot": false,
            "uuid": "7fb5535e-ec6d-464e-acc6-7e73bafa44c0",
            "isHook": false,
            "skipped": false
          },
          {
            "title": "GET /admin/login",
            "fullTitle": "Test GET /admin/login",
            "timedOut": false,
            "duration": 4,
            "state": "passed",
            "speed": "fast",
            "pass": true,
            "fail": false,
            "pending": false,
            "code": "_chai2.default.request(server).get('/admin/login').end(function (err, res) {\n\tres.should.have.status(200);\n\tdone();\n});",
            "err": {},
            "isRoot": false,
            "uuid": "3431b0e3-7d32-499e-925d-d7c71431df14",
            "isHook": false,
            "skipped": false
          },
          {
            "title": "GET /results",
            "fullTitle": "Test GET /results",
            "timedOut": false,
            "duration": 4,
            "state": "passed",
            "speed": "fast",
            "pass": true,
            "fail": false,
            "pending": false,
            "code": "_chai2.default.request(server).get('/results').end(function (err, res) {\n\tres.should.have.status(200);\n\tdone();\n});",
            "err": {},
            "isRoot": false,
            "uuid": "90c7155f-b2ba-4768-b5bd-fdef52afffd7",
            "isHook": false,
            "skipped": false
          }
        ],
        "suites": [],
        "passes": [
          "d6d8a8ba-f101-4336-b750-1a1061dfff14",
          "9ec8784b-1de6-4694-9494-8186f9bc5b20",
          "00e3ec02-6890-4296-9920-0b88eb2fb432",
          "7fb5535e-ec6d-464e-acc6-7e73bafa44c0",
          "3431b0e3-7d32-499e-925d-d7c71431df14",
          "90c7155f-b2ba-4768-b5bd-fdef52afffd7"
        ],
        "failures": [],
        "pending": [],
        "skipped": [],
        "duration": 79,
        "root": false,
        "rootEmpty": false,
        "_timeout": 30000
      }
    ],
    "passes": [],
    "failures": [],
    "pending": [],
    "skipped": [],
    "duration": 0,
    "root": true,
    "rootEmpty": true,
    "_timeout": 30000
  },
  "copyrightYear": 2018
}